Build started 15.03.2018 20:58:54.
     1>Project "C:\Users\yagmurdogan\Desktop\dagitik sistemler\bgi.vcxproj" on node 2 (Build target(s)).
     1>ClCompile:
         C:\Program Files (x86)\Microsoft Visual Studio 12.0\VC\bin\CL.exe /c /Zi /nologo /W3 /WX- /O2 /Oi /Oy- /GL /D _MBCS /Gm- /EHsc /MD /GS /Gy /fp:precise /Zc:wchar_t /Zc:forScope /Fo"Release\\" /Fd"Release\vc120.pdb" /Gd /TP /analyze- /errorReport:prompt bgiout.cxx dibutil.cxx drawing.cxx file.cxx misc.cxx mouse.cxx palette.cxx main.cxx Source.cpp text.cxx winbgi.cxx winthread.cxx
         bgiout.cxx
         dibutil.cxx
         drawing.cxx
     1>drawing.cxx(819): warning C4101: 'tries' : unreferenced local variable
     1>drawing.cxx(859): warning C4101: 'answer' : unreferenced local variable
     1>drawing.cxx(1110): warning C4996: 'strcat': This function or variable may be unsafe. Consider using strcat_s instead. To disable deprecation, use _CRT_SECURE_NO_WARNINGS. See online help for details.
                 C:\Program Files (x86)\Microsoft Visual Studio 12.0\VC\include\string.h(118) : see declaration of 'strcat'
         file.cxx
         misc.cxx
         mouse.cxx
         palette.cxx
         main.cxx
     1>main.cxx(189): warning C4244: 'argument' : conversion from 'double' to 'int', possible loss of data
     1>main.cxx(192): warning C4244: 'argument' : conversion from 'double' to 'int', possible loss of data
     1>main.cxx(195): warning C4244: 'argument' : conversion from 'double' to 'int', possible loss of data
     1>main.cxx(333): warning C4805: '==' : unsafe mix of type 'int' and type 'bool' in operation
     1>main.cxx(367): warning C4244: '=' : conversion from 'double' to 'int', possible loss of data
     1>main.cxx(388): warning C4244: '=' : conversion from 'double' to 'float', possible loss of data
     1>main.cxx(397): warning C4244: '=' : conversion from 'float' to 'int', possible loss of data
         Source.cpp
     1>Source.cpp(50): fatal error C1075: end of file found before the left brace '{' at 'Source.cpp(5)' was matched
         text.cxx
     1>text.cxx(348): warning C4018: '<' : signed/unsigned mismatch
         winbgi.cxx
     1>winbgi.cxx(81): warning C4800: 'BOOL' : forcing value to bool 'true' or 'false' (performance warning)
     1>winbgi.cxx(134): warning C4101: 'actual_color' : unreferenced local variable
     1>winbgi.cxx(133): warning C4101: 'bgi_color' : unreferenced local variable
     1>winbgi.cxx(494): warning C4996: 'sprintf': This function or variable may be unsafe. Consider using sprintf_s instead. To disable deprecation, use _CRT_SECURE_NO_WARNINGS. See online help for details.
                 C:\Program Files (x86)\Microsoft Visual Studio 12.0\VC\include\stdio.h(356) : see declaration of 'sprintf'
         winthread.cxx
     1>winthread.cxx(320): warning C4101: 'i' : unreferenced local variable
     1>Done Building Project "C:\Users\yagmurdogan\Desktop\dagitik sistemler\bgi.vcxproj" (Build target(s)) -- FAILED.

Build FAILED.

Time Elapsed 00:00:09.45
